{"/Users/oscar.oceguera/Documents/repos/examples/localstack-clip/2_node_dynamodb/src/app.js": {"path":"/Users/oscar.oceguera/Documents/repos/examples/localstack-clip/2_node_dynamodb/src/app.js","statementMap":{"0":{"start":{"line":1,"column":16},"end":{"line":1,"column":34}},"1":{"start":{"line":2,"column":19},"end":{"line":2,"column":41}},"2":{"start":{"line":3,"column":13},"end":{"line":3,"column":28}},"3":{"start":{"line":5,"column":15},"end":{"line":5,"column":34}},"4":{"start":{"line":6,"column":18},"end":{"line":6,"column":47}},"5":{"start":{"line":7,"column":24},"end":{"line":7,"column":49}},"6":{"start":{"line":8,"column":12},"end":{"line":8,"column":21}},"7":{"start":{"line":10,"column":0},"end":{"line":10,"column":16}},"8":{"start":{"line":12,"column":0},"end":{"line":18,"column":3}},"9":{"start":{"line":13,"column":14},"end":{"line":15,"column":3}},"10":{"start":{"line":17,"column":2},"end":{"line":17,"column":28}},"11":{"start":{"line":20,"column":0},"end":{"line":27,"column":3}},"12":{"start":{"line":21,"column":17},"end":{"line":25,"column":3}},"13":{"start":{"line":26,"column":2},"end":{"line":26,"column":31}},"14":{"start":{"line":29,"column":0},"end":{"line":29,"column":71}},"15":{"start":{"line":31,"column":0},"end":{"line":31,"column":27}},"16":{"start":{"line":32,"column":0},"end":{"line":36,"column":2}},"17":{"start":{"line":38,"column":0},"end":{"line":41,"column":3}},"18":{"start":{"line":39,"column":2},"end":{"line":39,"column":35}},"19":{"start":{"line":40,"column":2},"end":{"line":40,"column":9}},"20":{"start":{"line":43,"column":0},"end":{"line":43,"column":21}},"21":{"start":{"line":45,"column":0},"end":{"line":45,"column":21}}},"fnMap":{"0":{"name":"(anonymous_0)","decl":{"start":{"line":12,"column":13},"end":{"line":12,"column":14}},"loc":{"start":{"line":12,"column":27},"end":{"line":18,"column":1}},"line":12},"1":{"name":"(anonymous_1)","decl":{"start":{"line":20,"column":19},"end":{"line":20,"column":20}},"loc":{"start":{"line":20,"column":33},"end":{"line":27,"column":1}},"line":20},"2":{"name":"(anonymous_2)","decl":{"start":{"line":38,"column":8},"end":{"line":38,"column":9}},"loc":{"start":{"line":38,"column":28},"end":{"line":41,"column":1}},"line":38}},"branchMap":{},"s":{"0":1,"1":1,"2":1,"3":1,"4":1,"5":1,"6":1,"7":1,"8":1,"9":1,"10":1,"11":1,"12":1,"13":1,"14":1,"15":1,"16":1,"17":1,"18":0,"19":0,"20":1,"21":1},"f":{"0":1,"1":1,"2":0},"b":{},"_coverageSchema":"1a1c01bbd47fc00a2c39e90264f33305004495a9","hash":"0b25346c6cd8512638ceb31f8d94a250fd73015e"}
,"/Users/oscar.oceguera/Documents/repos/examples/localstack-clip/2_node_dynamodb/src/router.js": {"path":"/Users/oscar.oceguera/Documents/repos/examples/localstack-clip/2_node_dynamodb/src/router.js","statementMap":{"0":{"start":{"line":1,"column":16},"end":{"line":1,"column":34}},"1":{"start":{"line":2,"column":15},"end":{"line":2,"column":31}},"2":{"start":{"line":4,"column":0},"end":{"line":4,"column":24}}},"fnMap":{},"branchMap":{},"s":{"0":1,"1":1,"2":1},"f":{},"b":{},"_coverageSchema":"1a1c01bbd47fc00a2c39e90264f33305004495a9","hash":"5cde6c883dadb3ac85de17e4230e4f6ffade91b8"}
}
